<?xml version="1.0" encoding="UTF-8"?>
<testsuite xmlns:xsi="http://www.w3.org/2001/XMLSchema-instance" xsi:schemaLocation="https://maven.apache.org/surefire/maven-surefire-plugin/xsd/surefire-test-report.xsd" name="com.ExlibrisFETestProject.ExlibrisFETest.RunnerTest" time="42.09" tests="11" errors="0" skipped="0" failures="0">
  <properties>
[...]
</properties>
  <testcase name="Given user navigates to campusm site &quot;https://m.campusm.org/campusm/&quot;" classname="| https://m.campusm.org/campusm/ | Your First Name,joshua.c | Any value,campusm | 27/12/1990 |" time="0.001"/>
  <testcase name="When user selects &quot;Student / Staff&quot;" classname="| https://m.campusm.org/campusm/ | Your First Name,joshua.c | Any value,campusm | 27/12/1990 |" time="0"/>
  <testcase name="And clicks on &quot;Accept&quot; button" classname="| https://m.campusm.org/campusm/ | Your First Name,joshua.c | Any value,campusm | 27/12/1990 |" time="0"/>
  <testcase name="And enters the values for &quot;Your First Name,joshua.c&quot; and &quot;Any value,campusm&quot;" classname="| https://m.campusm.org/campusm/ | Your First Name,joshua.c | Any value,campusm | 27/12/1990 |" time="0"/>
  <testcase name="Then user should verify &quot;Login&quot; button is displayed and clicks it" classname="| https://m.campusm.org/campusm/ | Your First Name,joshua.c | Any value,campusm | 27/12/1990 |" time="0"/>
  <testcase name="And user should also verify error message displayed is &quot;Please try again.&quot;" classname="| https://m.campusm.org/campusm/ | Your First Name,joshua.c | Any value,campusm | 27/12/1990 |" time="0"/>
  <testcase name="When user enter the values for &quot;Your First Name,joshua.c&quot; and &quot;Any value,campusm&quot; and clicks on &quot;Login&quot; button" classname="| https://m.campusm.org/campusm/ | Your First Name,joshua.c | Any value,campusm | 27/12/1990 |" time="0"/>
  <testcase name="Then verify user is logged in" classname="| https://m.campusm.org/campusm/ | Your First Name,joshua.c | Any value,campusm | 27/12/1990 |" time="0"/>
  <testcase name="When user clicks on tile, Enrolment -&gt; Your Details -&gt; Personal Details" classname="| https://m.campusm.org/campusm/ | Your First Name,joshua.c | Any value,campusm | 27/12/1990 |" time="0"/>
  <testcase name="And user gets the value from the Date of Birth field and change the current values to &quot;27/12/1990&quot;" classname="| https://m.campusm.org/campusm/ | Your First Name,joshua.c | Any value,campusm | 27/12/1990 |" time="0.002"/>
  <testcase name="| https://m.campusm.org/campusm/ | Your First Name,joshua.c | Any value,campusm | 27/12/1990 |" classname="| https://m.campusm.org/campusm/ | Your First Name,joshua.c | Any value,campusm | 27/12/1990 |" time="2.067"/>
</testsuite>